<?xml version="1.0" encoding="UTF-8"?>
<!-- Generated by org.testng.reporters.JUnitXMLReporter -->
<testsuite hostname="DESKTOP-R0QK2O8" ignored="0" name="Basic Testing" tests="6" failures="1" timestamp="16 Dec 2018 16:22:00 GMT" time="8.731" errors="0">
  <testcase name="testcase1" time="0.022" classname="day8.BasicTesting"/>
  <testcase name="testcase4" time="0.004" classname="day8.BasicTesting"/>
  <testcase name="testcase2" time="0.003" classname="day8.BasicTesting"/>
  <testcase name="testcase3" time="0.006" classname="day8.BasicTesting"/>
  <testcase name="verifyTitleOfThePage" time="0.033" classname="day8.GuruProject">
    <failure type="java.lang.AssertionError" message="expected [Guru99 Bank Home Page1] but found [Guru99 Bank Home Page]">
      <![CDATA[java.lang.AssertionError: expected [Guru99 Bank Home Page1] but found [Guru99 Bank Home Page]
	at day8.GuruProject.verifyTitleOfThePage(GuruProject.java:65)
	at java.util.concurrent.ThreadPoolExecutor.runWorker(Unknown Source)
	at java.util.concurrent.ThreadPoolExecutor$Worker.run(Unknown Source)
	at java.lang.Thread.run(Unknown Source)
... Removed 16 stack frames]]>
    </failure>
  </testcase> <!-- verifyTitleOfThePage -->
  <testcase name="verifyLoginToGuru99Application" time="0.406" classname="day8.GuruProject"/>
</testsuite> <!-- Basic Testing -->
