<?xml version="1.0" encoding="UTF-8"?>
<!-- Generated by org.testng.reporters.JUnitXMLReporter -->
<testsuite hostname="DESKTOP-R0QK2O8" ignored="0" name="Firefox Testing" tests="2" failures="1" timestamp="16 Dec 2018 16:15:50 GMT" time="33.387" errors="0">
  <testcase name="verifyTitleOfThePage" time="0.028" classname="day8.GuruProject">
    <failure type="java.lang.AssertionError" message="expected [Guru99 Bank Home Page1] but found [Guru99 Bank Home Page]">
      <![CDATA[java.lang.AssertionError: expected [Guru99 Bank Home Page1] but found [Guru99 Bank Home Page]
	at day8.GuruProject.verifyTitleOfThePage(GuruProject.java:66)
	at java.util.concurrent.FutureTask.run(Unknown Source)
	at java.util.concurrent.ThreadPoolExecutor.runWorker(Unknown Source)
	at java.util.concurrent.ThreadPoolExecutor$Worker.run(Unknown Source)
	at java.lang.Thread.run(Unknown Source)
... Removed 22 stack frames]]>
    </failure>
  </testcase> <!-- verifyTitleOfThePage -->
  <testcase name="verifyLoginToGuru99Application" time="1.65" classname="day8.GuruProject"/>
</testsuite> <!-- Firefox Testing -->
