<?xml version="1.0" encoding="UTF-8"?>
<!-- Generated by org.testng.reporters.JUnitXMLReporter -->
<testsuite hostname="DESKTOP-R0QK2O8" ignored="1" name="Basic Scenario Testing" tests="5" failures="1" timestamp="16 Dec 2018 15:22:45 GMT" time="37.963" errors="0">
  <testcase name="testcase1" time="0.01" classname="day8.BasicTesting"/>
  <testcase name="verifyTitleOfThePage" time="0.526" classname="day8.GuruProject">
    <failure type="java.lang.AssertionError" message="expected [Guru99 Bank Home Page1] but found [Guru99 Bank Home Page]">
      <![CDATA[java.lang.AssertionError: expected [Guru99 Bank Home Page1] but found [Guru99 Bank Home Page]
	at day8.GuruProject.verifyTitleOfThePage(GuruProject.java:33)
... Removed 31 stack frames]]>
    </failure>
  </testcase> <!-- verifyTitleOfThePage -->
  <testcase name="testcase4" time="0.002" classname="day8.BasicTesting"/>
  <testcase name="testcase2" time="0.003" classname="day8.BasicTesting"/>
  <testcase name="testcase3" time="0.002" classname="day8.BasicTesting"/>
  <testcase name="verifyLoginToGuru99Application" time="0.0" classname="day8.GuruProject">
    <ignored/>
  </testcase> <!-- verifyLoginToGuru99Application -->
</testsuite> <!-- Basic Scenario Testing -->
