<?xml version="1.0" encoding="UTF-8"?>
<!-- Generated by org.testng.reporters.JUnitXMLReporter -->
<testsuite hostname="DESKTOP-R0QK2O8" ignored="1" name="Class Execution test" tests="5" failures="1" timestamp="16 Dec 2018 15:25:50 GMT" time="33.363" errors="0">
  <testcase name="testcase1" time="0.017" classname="day8.BasicTesting"/>
  <testcase name="verifyTitleOfThePage" time="0.3" classname="day7.GuruProject">
    <failure type="java.lang.AssertionError" message="expected [Guru99 Bank Home Page1] but found [Guru99 Bank Home Page]">
      <![CDATA[java.lang.AssertionError: expected [Guru99 Bank Home Page1] but found [Guru99 Bank Home Page]
	at day7.GuruProject.verifyTitleOfThePage(GuruProject.java:33)
... Removed 31 stack frames]]>
    </failure>
  </testcase> <!-- verifyTitleOfThePage -->
  <testcase name="testcase4" time="0.003" classname="day8.BasicTesting"/>
  <testcase name="testcase2" time="0.009" classname="day8.BasicTesting"/>
  <testcase name="testcase3" time="0.002" classname="day8.BasicTesting"/>
  <testcase name="verifyLoginToGuru99Application" time="0.0" classname="day7.GuruProject">
    <ignored/>
  </testcase> <!-- verifyLoginToGuru99Application -->
</testsuite> <!-- Class Execution test -->
